"D:\Users\vogeleer\Anaconda3\Scripts\influx_s-script.py" ".\FTBL28A_condition2.ftbl"
code gen: 2022-05-16 14:01:14
executing: "D:\Users\vogeleer\Anaconda3\python.exe" "D:\Users\vogeleer\Anaconda3\Scripts\ftbl2optR.py" "--clownr" "--tblimit" "0" "--ropts" "clownr=1e-05; sln=TRUE; zc=1e-05" ".\FTBL28A_condition2.ftbl"
executing: R --vanilla --slave < .\FTBL28A_condition2.R
calcul  : 2022-05-16 14:01:15
Starting point
The following 5 inequalities are not respected at starting point:
n:0.0001<=ppc	-1.50664285118701
n:0.0001<=aceA	-2.86425562176777
n:0.0001<=mae	-1.1154104859584
inout d.n.out_Gnt>=0	-1.48
d.n.aceB>=1e-05	-2.86416562176777
The following 2 zerocross inequalities are redundant and are removed:
zc d.n.ald>=1e-05
zc d.n.tpi>=1e-05
it=0	res=26.37619
it=1	res=15.39731	normstep=8.819952	btk=0.5110267
it=2	res=11.627	normstep=48.42119	btk=0.9395142
it=3	res=11.18524	normstep=759.4043	btk=0.05990537
it=4	res=10.84542	normstep=900.8083	btk=0.05050175
it=5	res=10.51545	normstep=855.3119	btk=0.05318808
it=6	res=10.19566	normstep=809.8158	btk=0.05617622
it=7	res=9.886282	normstep=764.3202	btk=0.05952007
it=8	res=9.58774	normstep=718.8248	btk=0.06328717
it=9	res=9.300715	normstep=673.3298	btk=0.06756331
it=10	res=9.026128	normstep=627.835	btk=0.07245915
it=20	res=7.292393	normstep=187.3408	btk=0.2428323
it=30	res=7.157847	normstep=1.071161	btk=1
it=40	res=7.157264	normstep=0.0002259671	btk=1
it=44	res=7.157264	normstep=8.639162e-06	btk=1
After the first optimization, no zero crossing inequality was activated. So no reoptimization
end     : 2022-05-16 14:01:19
=>Check .\FTBL28A_condition2.err
