"D:\Users\vogeleer\Anaconda3\Scripts\influx_s-script.py" ".\FTBL36B_condition2_v3.ftbl"
code gen: 2022-04-26 11:17:33
executing: "D:\Users\vogeleer\Anaconda3\python.exe" "D:\Users\vogeleer\Anaconda3\Scripts\ftbl2optR.py" "--clownr" "--tblimit" "0" "--ropts" "clownr=1e-05; sln=TRUE; zc=1e-05" ".\FTBL36B_condition2_v3.ftbl"
executing: R --vanilla --slave < .\FTBL36B_condition2_v3.R
calcul  : 2022-04-26 11:17:34
Starting point
The following 5 inequalities are not respected at starting point:
n:0.0001<=ppc	-1.47682523666667
n:0.0001<=aceA	-2.76663250466668
n:0.0001<=mae	-1.080445312
inout d.n.out_Gnt>=0	-1.48
d.n.aceB>=1e-05	-2.76654250466668
The following 2 zerocross inequalities are redundant and are removed:
zc d.n.ald>=1e-05
zc d.n.tpi>=1e-05
it=0	res=21.45728
it=1	res=20.06879	normstep=9.362596	btk=1
it=2	res=14.70631	normstep=10.20877	btk=1
it=3	res=10.54783	normstep=1.123065	btk=0.3957053
it=4	res=9.904285	normstep=996.8783	btk=0.04460037
it=5	res=8.522849	normstep=126.6813	btk=0.3509686
it=6	res=7.581976	normstep=88.92277	btk=0.4999973
it=7	res=7.18535	normstep=44.46172	btk=0.999987
it=8	res=6.701023	normstep=0.3658129	btk=1
it=9	res=6.671662	normstep=0.6288723	btk=1
it=10	res=6.670975	normstep=0.6212094	btk=1
it=20	res=6.670689	normstep=997.0361	btk=1e-07
it=30	res=6.67064	normstep=0.0004405282	btk=1
it=40	res=6.670633	normstep=0.0002623033	btk=1
it=50	res=6.670631	normstep=9.727223e-05	btk=1
After the first optimization, no zero crossing inequality was activated. So no reoptimization
end     : 2022-04-26 11:17:39
=>Check .\FTBL36B_condition2_v3.err
