"D:\Users\vogeleer\Anaconda3\Scripts\influx_s-script.py" ".\FTBL33B_condition2_G6Pcommenté_v2.ftbl"
code gen: 2022-05-16 14:10:55
executing: "D:\Users\vogeleer\Anaconda3\python.exe" "D:\Users\vogeleer\Anaconda3\Scripts\ftbl2optR.py" "--clownr" "--tblimit" "0" "--ropts" "clownr=1e-05; sln=TRUE; zc=1e-05" ".\FTBL33B_condition2_G6Pcommenté_v2.ftbl"
executing: R --vanilla --slave < .\FTBL33B_condition2_G6Pcommenté_v2.R
calcul  : 2022-05-16 14:10:56
Starting point
The following 5 inequalities are not respected at starting point:
n:0.0001<=ppc	-1.44279636066667
n:0.0001<=aceA	-2.76645936583868
n:0.0001<=mae	-1.10945220384
inout d.n.out_Gnt>=0	-1.48
d.n.aceB>=1e-05	-2.76636936583868
The following 2 zerocross inequalities are redundant and are removed:
zc d.n.ald>=1e-05
zc d.n.tpi>=1e-05
it=0	res=31.1261
it=1	res=14.84036	normstep=8.923088	btk=1
it=2	res=7.642483	normstep=9.818248	btk=0.4955121
it=3	res=6.473004	normstep=4.834526	btk=1
it=4	res=6.254303	normstep=1.433113	btk=1
it=5	res=6.242132	normstep=0.3326905	btk=1
it=6	res=6.241838	normstep=0.4999057	btk=1
it=7	res=6.24157	normstep=0.02029105	btk=1
it=8	res=6.241554	normstep=0.05431779	btk=1
it=9	res=6.241553	normstep=0.01001193	btk=1
it=10	res=6.241553	normstep=0.005771511	btk=1
it=17	res=6.241552	normstep=4.045436e-06	btk=1
After the first optimization, no zero crossing inequality was activated. So no reoptimization
end     : 2022-05-16 14:10:59
=>Check .\FTBL33B_condition2_G6Pcommenté_v2.err
