"D:\Users\vogeleer\Anaconda3\Scripts\influx_s-script.py" "FTBL37B_condition2_v2.ftbl"
code gen: 2022-05-16 13:29:45
executing: "D:\Users\vogeleer\Anaconda3\python.exe" "D:\Users\vogeleer\Anaconda3\Scripts\ftbl2optR.py" "--clownr" "--tblimit" "0" "--ropts" "clownr=1e-05; sln=TRUE; zc=1e-05" "FTBL37B_condition2_v2.ftbl"
executing: R --vanilla --slave < FTBL37B_condition2_v2.R
calcul  : 2022-05-16 13:29:45
Starting point
The following 5 inequalities are not respected at starting point:
n:0.0001<=ppc	-1.32675152498334
n:0.0001<=aceA	-2.61830070990334
n:0.0001<=mae	-1.11695448784
inout d.n.out_Gnt>=0	-1.48
d.n.aceB>=1e-05	-2.61821070990334
The following 2 zerocross inequalities are redundant and are removed:
zc d.n.ald>=1e-05
zc d.n.tpi>=1e-05
it=0	res=34.64754
it=1	res=15.14274	normstep=1.82425	btk=1
it=2	res=10.98388	normstep=2.052534	btk=0.25
it=3	res=8.079623	normstep=1.50528	btk=0.5019559
it=4	res=7.358672	normstep=0.6889055	btk=0.2946454
it=5	res=6.782537	normstep=0.5225415	btk=0.2585183
it=6	res=6.154633	normstep=0.4222046	btk=0.2995233
it=7	res=5.529428	normstep=0.3393373	btk=0.3727522
it=8	res=5.28291	normstep=0.2883818	btk=1
it=9	res=5.282914	normstep=997.4569	btk=1e-07
it=10	res=4.936546	normstep=0.5239186	btk=1
it=20	res=4.925268	normstep=0.004177054	btk=1
it=30	res=4.925268	normstep=5.971752e-05	btk=1
it=40	res=4.925268	normstep=0.0002950581	btk=1
it=50	res=4.925268	normstep=0.5871752	btk=1
After the first optimization, no zero crossing inequality was activated. So no reoptimization
end     : 2022-05-16 13:29:51
=>Check FTBL37B_condition2_v2.err
